<?xml version="1.0" encoding="utf-8"?><testsuites name="pytest tests"><testsuite name="pytest" errors="0" failures="1" skipped="0" tests="15" time="1.436" timestamp="2026-08-23T09:55:38.954509+00:00" hostname="agent-env-8ab481b6-11e1-4bf9-87fc-f43159e6114d"><testcase classname="tests.test_admin_api.TestAdminPanelApi" name="test_overview_shape_and_values" time="0.387" /><testcase classname="tests.test_admin_api.TestAdminPanelApi" name="test_overview_no_mongo_id_leak" time="0.048" /><testcase classname="tests.test_admin_api.TestAdminPanelApi" name="test_users_list_rows_shape" time="0.043" /><testcase classname="tests.test_admin_api.TestAdminPanelApi" name="test_search_demo_root" time="0.046" /><testcase classname="tests.test_admin_api.TestAdminPanelApi" name="test_demo_root_owner_club_cap_after_single_build" time="0.044"><failure message="AssertionError: expected Owner-Club cap 3000 on the qualifying run, got 2000.0 (owner_tier applied after compute -&gt; cap lags one engine run)&#10;assert 2000.0 == 3000">tests/test_admin_api.py:107: in test_demo_root_owner_club_cap_after_single_build
    assert row["mining_cap_usd"] == 3000, (
E   AssertionError: expected Owner-Club cap 3000 on the qualifying run, got 2000.0 (owner_tier applied after compute -&gt; cap lags one engine run)
E   assert 2000.0 == 3000</failure></testcase><testcase classname="tests.test_admin_api.TestAdminPanelApi" name="test_search_by_uid_prefix" time="0.047" /><testcase classname="tests.test_admin_api.TestAdminPanelApi" name="test_search_by_address" time="0.046" /><testcase classname="tests.test_admin_api.TestAdminPanelApi" name="test_search_no_match" time="0.045" /><testcase classname="tests.test_admin_api.TestAdminPanelApi" name="test_pagination" time="0.087" /><testcase classname="tests.test_admin_api.TestAdminPanelApi" name="test_limit_capped_at_100" time="0.047" /><testcase classname="tests.test_admin_api.TestAdminPanelApi" name="test_page_zero_normalised" time="0.048" /><testcase classname="tests.test_admin_api.TestAdminPanelApi" name="test_detail_root_user" time="0.045" /><testcase classname="tests.test_admin_api.TestAdminPanelApi" name="test_detail_child_has_sponsor_and_binary_parent" time="0.045" /><testcase classname="tests.test_admin_api.TestAdminPanelApi" name="test_detail_case_insensitive_checksum_address" time="0.045" /><testcase classname="tests.test_admin_api.TestAdminPanelApi" name="test_detail_unknown_address_404" time="0.043" /></testsuite></testsuites>