<?xml version="1.0" encoding="utf-8"?><testsuites name="pytest tests"><testsuite name="pytest" errors="0" failures="0" skipped="6" tests="171" time="24.467" timestamp="2026-08-23T18:10:41.419619+00:00" hostname="agent-env-8ab481b6-11e1-4bf9-87fc-f43159e6114d"><testcase classname="tests.backend_test.TestHealthConfig" name="test_health" time="0.384" /><testcase classname="tests.backend_test.TestHealthConfig" name="test_config" time="0.074" /><testcase classname="tests.backend_test.TestDashboardStats" name="test_stats_shape_and_values" time="0.092" /><testcase classname="tests.backend_test.TestDashboardStats" name="test_stats_includes_min_activation_and_resets" time="0.070" /><testcase classname="tests.backend_test.TestDashboardStats" name="test_total_users_increments_on_new_wallet" time="0.278" /><testcase classname="tests.backend_test.TestSiweAuth" name="test_nonce" time="0.063" /><testcase classname="tests.backend_test.TestSiweAuth" name="test_verify_creates_user_with_uid" time="0.269" /><testcase classname="tests.backend_test.TestSiweAuth" name="test_repeat_login_keeps_same_uid" time="0.275" /><testcase classname="tests.backend_test.TestSiweAuth" name="test_nonce_one_time_use" time="0.214" /><testcase classname="tests.backend_test.TestSiweAuth" name="test_signature_address_mismatch" time="0.124" /><testcase classname="tests.backend_test.TestSiweAuth" name="test_wrong_chain_id_rejected" time="0.128" /><testcase classname="tests.backend_test.TestSiweAuth" name="test_missing_nonce_rejected" time="0.064" /><testcase classname="tests.backend_test.TestSiweAuth" name="test_tampered_nonce_rejected" time="0.142" /><testcase classname="tests.backend_test.TestSiweAuth" name="test_garbage_signature_rejected" time="0.138" /><testcase classname="tests.backend_test.TestSiweAuth" name="test_verify_missing_fields_422" time="0.055" /><testcase classname="tests.backend_test.TestSiweAuth" name="test_nonce_requires_address" time="0.059" /><testcase classname="tests.backend_test.TestSiweAuth" name="test_case_insensitive_user_lookup" time="0.200" /><testcase classname="tests.backend_test.TestSiweAuth" name="test_unknown_user_404" time="0.369" /><testcase classname="tests.backend_test.TestActivation" name="test_below_minimum_rejected" time="0.268" /><testcase classname="tests.backend_test.TestActivation" name="test_unknown_address_404" time="0.064" /><testcase classname="tests.backend_test.TestActivation" name="test_activate_success_updates_user_and_stats" time="0.389" /><testcase classname="tests.backend_test.TestActivation" name="test_exact_minimum_accepted" time="0.186" /><testcase classname="tests.backend_test.TestActivation" name="test_no_upper_cap" time="0.189" /><testcase classname="tests.backend_test.TestActivation" name="test_repeat_activation_is_idempotent" time="0.396" /><testcase classname="tests.backend_test.TestActivation" name="test_activate_checksummed_address" time="0.463" /><testcase classname="tests.backend_test.TestActivation" name="test_activate_missing_fields_422" time="0.181" /><testcase classname="tests.backend_test.TestActivation" name="test_activate_non_numeric_amount_422" time="1.224" /><testcase classname="tests.backend_test.TestActivation" name="test_negative_amount_rejected" time="0.604" /><testcase classname="tests.backend_test.TestStatsPriceAndPoolMeta" name="test_price_fields" time="0.251" /><testcase classname="tests.backend_test.TestStatsPriceAndPoolMeta" name="test_pool_meta_shape_and_math" time="0.737" /><testcase classname="tests.backend_test.TestMe" name="test_me_unknown_404" time="0.462" /><testcase classname="tests.backend_test.TestMe" name="test_me_inactive_shape" time="0.437" /><testcase classname="tests.backend_test.TestMe" name="test_me_active_prepends_activation" time="0.397" /><testcase classname="tests.backend_test.TestMe" name="test_me_checksummed_address" time="0.202" /><testcase classname="tests.backend_test.TestMe" name="test_me_hash_deterministic" time="0.258" /><testcase classname="tests.backend_test.TestHolders" name="test_default_page" time="0.064" /><testcase classname="tests.backend_test.TestHolders" name="test_pagination_next_page_ranks" time="0.058" /><testcase classname="tests.backend_test.TestHolders" name="test_page_clamping" time="0.189" /><testcase classname="tests.backend_test.TestHolders" name="test_page_size_custom" time="0.057" /><testcase classname="tests.backend_test.TestHolders" name="test_search_filters" time="0.117" /><testcase classname="tests.backend_test.TestHolders" name="test_search_no_match" time="0.056" /><testcase classname="tests.backend_test.TestHolders" name="test_holders_stable_across_calls" time="0.111" /><testcase classname="tests.test_admin_api.TestAdminPanelApi" name="test_overview_shape_and_values" time="0.433" /><testcase classname="tests.test_admin_api.TestAdminPanelApi" name="test_overview_no_mongo_id_leak" time="0.103" /><testcase classname="tests.test_admin_api.TestAdminPanelApi" name="test_users_list_rows_shape" time="0.062" /><testcase classname="tests.test_admin_api.TestAdminPanelApi" name="test_search_demo_root" time="0.105" /><testcase classname="tests.test_admin_api.TestAdminPanelApi" name="test_demo_root_owner_club_cap_after_single_build" time="0.169" /><testcase classname="tests.test_admin_api.TestAdminPanelApi" name="test_search_by_uid_prefix" time="0.156" /><testcase classname="tests.test_admin_api.TestAdminPanelApi" name="test_search_by_address" time="0.062" /><testcase classname="tests.test_admin_api.TestAdminPanelApi" name="test_search_no_match" time="0.063" /><testcase classname="tests.test_admin_api.TestAdminPanelApi" name="test_pagination" time="0.128" /><testcase classname="tests.test_admin_api.TestAdminPanelApi" name="test_limit_capped_at_100" time="0.064" /><testcase classname="tests.test_admin_api.TestAdminPanelApi" name="test_page_zero_normalised" time="0.062" /><testcase classname="tests.test_admin_api.TestAdminPanelApi" name="test_detail_root_user" time="0.068" /><testcase classname="tests.test_admin_api.TestAdminPanelApi" name="test_detail_child_has_sponsor_and_binary_parent" time="0.071" /><testcase classname="tests.test_admin_api.TestAdminPanelApi" name="test_detail_case_insensitive_checksum_address" time="0.070" /><testcase classname="tests.test_admin_api.TestAdminPanelApi" name="test_detail_unknown_address_404" time="0.060" /><testcase classname="tests.test_merkle_api.TestMerkleBuild" name="test_multi_leaf_root_and_proofs" time="0.125" /><testcase classname="tests.test_merkle_api.TestMerkleBuild" name="test_determinism" time="0.183" /><testcase classname="tests.test_merkle_api.TestMerkleBuild" name="test_order_independence" time="0.138" /><testcase classname="tests.test_merkle_api.TestMerkleBuild" name="test_single_leaf_empty_proof" time="0.095" /><testcase classname="tests.test_merkle_api.TestMerkleBuild" name="test_negative_cumulative_usd_rejected" time="0.069" /><testcase classname="tests.test_merkle_api.TestMerkleBuild" name="test_empty_leaves" time="0.071" /><testcase classname="tests.test_merkle_api.TestMerkleBuild" name="test_invalid_address_not_500" time="0.071" /><testcase classname="tests.test_merkle_api.TestMerkleBuild" name="test_default_cap_reduce_true" time="0.096" /><testcase classname="tests.test_merkle_api.TestMerkleLatest" name="test_latest_reflects_new_build" time="0.655" /><testcase classname="tests.test_merkle_api.TestRewardEngineFixes" name="test_gold_rank_reachable" time="0.068" /><testcase classname="tests.test_merkle_api.TestRewardEngineFixes" name="test_diamond_all_levels" time="0.062"><skipped type="pytest.xfail" message="PRODUCT BUG: RewardSimRequest/rw.simulate have no team_business_usd, so Diamond (needs $5000 15-level team business) is unreachable via /api/reward/simulate" /></testcase><testcase classname="tests.test_merkle_api.TestRewardEngineFixes" name="test_negative_rejected[downline_stake_usd]" time="0.061" /><testcase classname="tests.test_merkle_api.TestRewardEngineFixes" name="test_negative_rejected[direct_business_usd]" time="0.060" /><testcase classname="tests.test_merkle_api.TestRewardEngineFixes" name="test_negative_directs_and_zero_stake" time="0.123" /><testcase classname="tests.test_merkle_api.TestRewardEngineFixes" name="test_rank_ladder_boundaries" time="0.633" /><testcase classname="tests.test_merkle_api.TestRewardMisc" name="test_config" time="0.069" /><testcase classname="tests.test_merkle_api.TestRewardMisc" name="test_monthly_qualify" time="0.062"><skipped type="pytest.xfail" message="PRODUCT BUG: rw.monthly_owner_qualified calls rank_for() without team_business -&gt; rank caps at Gold, so /api/reward/monthly-qualify can never return True" /></testcase><testcase classname="tests.test_merkle_api.TestRewardMisc" name="test_health" time="0.064" /><testcase classname="tests.test_merkle_api.TestMerkleEdge" name="test_duplicate_address_leaves" time="0.059" /><testcase classname="tests.test_merkle_api.TestMerkleEdge" name="test_large_amount" time="0.057" /><testcase classname="tests.test_merkle_api.TestMerkleEdge" name="test_many_leaves" time="0.063" /><testcase classname="tests.test_monthly_deduction_api.TestMonthlyDeductionFunding" name="test_01_build" time="0.339" /><testcase classname="tests.test_monthly_deduction_api.TestMonthlyDeductionFunding" name="test_02_merkle_latest_matches" time="0.070" /><testcase classname="tests.test_monthly_deduction_api.TestMonthlyDeductionFunding" name="test_03_demo_root_breakdown_and_proofs" time="0.070" /><testcase classname="tests.test_monthly_deduction_api.TestMonthlyDeductionFunding" name="test_04_net_is_90pct_of_gross_for_every_user" time="0.002" /><testcase classname="tests.test_monthly_deduction_api.TestMonthlyDeductionFunding" name="test_05_roi_and_monthly_share_not_deducted" time="0.002" /><testcase classname="tests.test_monthly_deduction_api.TestMonthlyDeductionFunding" name="test_06_roi_untouched_pure_engine" time="0.000" /><testcase classname="tests.test_monthly_deduction_api.TestMonthlyDeductionFunding" name="test_07_monthly_pool_total_equals_base_plus_deductions" time="0.000" /><testcase classname="tests.test_monthly_deduction_api.TestMonthlyDeductionFunding" name="test_08_pool_shares_split_equally_gross" time="0.000" /><testcase classname="tests.test_monthly_deduction_api.TestMonthlyDeductionFunding" name="test_09_pools_endpoint_monthly_balance_and_estimate" time="0.072" /><testcase classname="tests.test_monthly_deduction_api.TestMonthlyDeductionFunding" name="test_10_pools_endpoint_daily_weekly_estimates_are_net" time="0.071" /><testcase classname="tests.test_monthly_deduction_api.TestMonthlyDeductionFunding" name="test_11_pools_non_qualified_user_estimate_uses_n_plus_1" time="0.070" /><testcase classname="tests.test_monthly_deduction_api.TestMonthlyDeductionFunding" name="test_12_daily_weekly_eligibility_rules" time="0.139" /><testcase classname="tests.test_monthly_deduction_api.TestMonthlyDeductionFunding" name="test_13_pure_engine_eligibility_caps" time="0.000" /><testcase classname="tests.test_monthly_deduction_api.TestMonthlyDeductionFunding" name="test_14_monthly_requires_diamond" time="0.001" /><testcase classname="tests.test_monthly_deduction_api.TestMonthlyDeductionFunding" name="test_15_leg_ids_count_only_qualified_50plus" time="0.001" /><testcase classname="tests.test_monthly_deduction_api.TestMonthlyDeductionFunding" name="test_16_rank_for_escalation[4-600-0-Active]" time="0.001" /><testcase classname="tests.test_monthly_deduction_api.TestMonthlyDeductionFunding" name="test_16_rank_for_escalation[5-0-0-Star]" time="0.000" /><testcase classname="tests.test_monthly_deduction_api.TestMonthlyDeductionFunding" name="test_16_rank_for_escalation[5-1000-0-Silver]" time="0.000" /><testcase classname="tests.test_monthly_deduction_api.TestMonthlyDeductionFunding" name="test_16_rank_for_escalation[10-2000-0-Gold]" time="0.000" /><testcase classname="tests.test_monthly_deduction_api.TestMonthlyDeductionFunding" name="test_16_rank_for_escalation[10-2000-5000-Diamond]" time="0.000" /><testcase classname="tests.test_monthly_deduction_api.TestMonthlyDeductionFunding" name="test_16_rank_for_escalation[10-2000-4000-Gold]" time="0.000" /><testcase classname="tests.test_monthly_deduction_api.TestMonthlyDeductionFunding" name="test_16_rank_for_escalation[15-5000-0-Gold]" time="0.000" /><testcase classname="tests.test_monthly_deduction_api.TestMonthlyDeductionFunding" name="test_17_rank_thresholds_config" time="0.000" /><testcase classname="tests.test_monthly_deduction_api.TestMonthlyDeductionFunding" name="test_18_team_endpoint_diamond" time="0.071" /><testcase classname="tests.test_monthly_deduction_api.TestMonthlyDeductionFunding" name="test_19_team_endpoint_lower_rank_locks_tiers" time="0.069" /><testcase classname="tests.test_monthly_deduction_api.TestMonthlyDeductionFunding" name="test_20_team_unknown_address_404" time="0.068" /><testcase classname="tests.test_monthly_deduction_api.TestMonthlyDeductionFunding" name="test_21_me_profit_sources_sum_to_total" time="0.079"><skipped type="pytest.xfail" message="PRODUCT BUG: /api/me profit_sources 'Level' uses GROSS level_income_usd while total_profit_usdt uses the NET (90%) figure -&gt; the breakdown over-reports by 10%" /></testcase><testcase classname="tests.test_monthly_deduction_api.TestMonthlyDeductionFunding" name="test_22_me_reflects_snapshot" time="0.244" /><testcase classname="tests.test_monthly_rule_edges.TestMonthlyRuleEdges" name="test_monthly_requires_diamond_rank" time="0.001" /><testcase classname="tests.test_monthly_rule_edges.TestMonthlyRuleEdges" name="test_diamond_with_team_business_qualifies" time="0.001" /><testcase classname="tests.test_monthly_rule_edges.TestMonthlyRuleEdges" name="test_leg_ids_count_only_qualified_ids" time="0.001" /><testcase classname="tests.test_pool_qualification_api.TestPoolQualificationE2E" name="test_01_health" time="0.162" /><testcase classname="tests.test_pool_qualification_api.TestPoolQualificationE2E" name="test_02_seed_demo" time="0.105" /><testcase classname="tests.test_pool_qualification_api.TestPoolQualificationE2E" name="test_03_tree_build" time="0.174" /><testcase classname="tests.test_pool_qualification_api.TestPoolQualificationE2E" name="test_04_merkle_latest_matches_build" time="0.079" /><testcase classname="tests.test_pool_qualification_api.TestPoolQualificationE2E" name="test_05_demo_root_monthly_and_owner_club" time="0.077" /><testcase classname="tests.test_pool_qualification_api.TestPoolQualificationE2E" name="test_06_root_matches_merkle_latest" time="0.150" /><testcase classname="tests.test_pool_qualification_api.TestPoolQualificationE2E" name="test_07_daily_only_with_one_qualifying_direct" time="0.076" /><testcase classname="tests.test_pool_qualification_api.TestPoolQualificationE2E" name="test_08_daily_and_weekly_with_five_qualifying_directs" time="0.077" /><testcase classname="tests.test_pool_qualification_api.TestPoolQualificationE2E" name="test_09_direct_below_50_gets_neither" time="0.077" /><testcase classname="tests.test_pool_qualification_api.TestPoolQualificationE2E" name="test_10_low_own_cap_gets_neither" time="0.079" /><testcase classname="tests.test_pool_qualification_api.TestPoolQualificationE2E" name="test_11_non_monthly_qualified_users_get_no_monthly_share" time="0.308" /><testcase classname="tests.test_pool_qualification_api.TestPoolQualificationE2E" name="test_12_pool_shares_split_equally_among_eligible" time="0.002" /><testcase classname="tests.test_pool_qualification_api.TestPoolQualificationE2E" name="test_13_stream_math_and_leaf_split" time="0.081" /><testcase classname="tests.test_pool_qualification_api.TestPoolQualificationE2E" name="test_14_level_bps_totals_25pct" time="0.000" /><testcase classname="tests.test_pool_qualification_api.TestPoolQualificationE2E" name="test_15_level_income_rank_gated" time="0.081" /><testcase classname="tests.test_pool_qualification_api.TestPoolQualificationE2E" name="test_16_diamond_upline_earns_deep_levels" time="0.082" /><testcase classname="tests.test_pool_qualification_api.TestPoolQualificationE2E" name="test_17_self_roi_capped_by_mining_cap" time="0.082" /><testcase classname="tests.test_pool_qualification_api.TestPoolQualificationE2E" name="test_18_rebuild_is_stable_and_owner_tier_persists" time="0.191" /><testcase classname="tests.test_pool_qualification_api.TestPoolQualificationE2E" name="test_19_user_with_no_directs_gets_no_pool" time="0.079" /><testcase classname="tests.test_pool_qualification_api.TestPoolQualificationE2E" name="test_20_unknown_address_returns_404" time="0.258" /><testcase classname="tests.test_reward_engine.TestRewardConfig" name="test_config_values" time="0.119" /><testcase classname="tests.test_reward_engine.TestRewardConfig" name="test_config_ranks" time="0.062" /><testcase classname="tests.test_reward_engine.TestRewardConfig" name="test_no_mongo_id" time="0.061" /><testcase classname="tests.test_reward_engine.TestSimulate" name="test_silver_case" time="0.058" /><testcase classname="tests.test_reward_engine.TestSimulate" name="test_level_amounts" time="0.083" /><testcase classname="tests.test_reward_engine.TestSimulate" name="test_owner_diamond" time="0.061"><skipped type="pytest.xfail" message="PRODUCT BUG: /api/reward/simulate has no team_business_usd input -&gt; Diamond unreachable" /></testcase><testcase classname="tests.test_reward_engine.TestSimulate" name="test_rank_ladder" time="0.504" /><testcase classname="tests.test_reward_engine.TestSimulate" name="test_gold_rank_reachable" time="0.055" /><testcase classname="tests.test_reward_engine.TestSimulate" name="test_pools" time="0.058" /><testcase classname="tests.test_reward_engine.TestSimulate" name="test_owner_cap_scaling" time="0.055" /><testcase classname="tests.test_reward_engine.TestSimulate" name="test_zero_downline" time="0.057" /><testcase classname="tests.test_reward_engine.TestSimulate" name="test_validation_errors" time="0.166" /><testcase classname="tests.test_reward_engine.TestSimulate" name="test_negative_downline_rejected" time="0.055" /><testcase classname="tests.test_reward_engine.TestSimulate" name="test_negative_directs_rejected" time="0.058" /><testcase classname="tests.test_reward_engine.TestMonthlyQualify" name="test_qualified" time="0.056"><skipped type="pytest.xfail" message="PRODUCT BUG: monthly_owner_qualified ignores team_business -&gt; rank caps at Gold, never qualifies" /></testcase><testcase classname="tests.test_reward_engine.TestMonthlyQualify" name="test_low_left_ids" time="0.058" /><testcase classname="tests.test_reward_engine.TestMonthlyQualify" name="test_boundaries" time="0.302"><skipped type="pytest.xfail" message="PRODUCT BUG: monthly_owner_qualified ignores team_business -&gt; the (26,30,6000,5000) positive case returns False" /></testcase><testcase classname="tests.test_reward_engine.TestMonthlyQualify" name="test_non_diamond_never_qualifies" time="0.058" /><testcase classname="tests.test_reward_engine.TestMonthlyQualify" name="test_defaults" time="0.056" /><testcase classname="tests.test_tree_engine_api.TestBinaryQualificationAndOwnerClub" name="test_00_health" time="0.143" /><testcase classname="tests.test_tree_engine_api.TestBinaryQualificationAndOwnerClub" name="test_01_seed_demo_binary_network" time="0.105" /><testcase classname="tests.test_tree_engine_api.TestBinaryQualificationAndOwnerClub" name="test_02_seed_demo_idempotent" time="0.088" /><testcase classname="tests.test_tree_engine_api.TestBinaryQualificationAndOwnerClub" name="test_03_first_build_standard_cap_and_flags_owner" time="0.156" /><testcase classname="tests.test_tree_engine_api.TestBinaryQualificationAndOwnerClub" name="test_04_second_build_owner_club_300pct" time="0.206" /><testcase classname="tests.test_tree_engine_api.TestBinaryQualificationAndOwnerClub" name="test_05_build_is_deterministic" time="0.347" /><testcase classname="tests.test_tree_engine_api.TestBinaryQualificationAndOwnerClub" name="test_06_latest_root_matches_build" time="0.246" /><testcase classname="tests.test_tree_engine_api.TestBinaryQualificationAndOwnerClub" name="test_07_root_qualification_breakdown" time="0.076" /><testcase classname="tests.test_tree_engine_api.TestBinaryQualificationAndOwnerClub" name="test_08_leaf_not_qualified_no_monthly_share" time="0.100" /><testcase classname="tests.test_tree_engine_api.TestBinaryQualificationAndOwnerClub" name="test_09_interior_leg_node_binary_stats" time="0.177" /><testcase classname="tests.test_tree_engine_api.TestBinaryQualificationAndOwnerClub" name="test_10_unknown_address_404" time="0.069" /><testcase classname="tests.test_tree_engine_api.TestBinaryQualificationAndOwnerClub" name="test_11_case_insensitive_lookup" time="0.065" /><testcase classname="tests.test_tree_engine_api.TestBinaryQualificationAndOwnerClub" name="test_12_all_proofs_verify_against_root" time="0.141" /><testcase classname="tests.test_tree_engine_api.TestBinaryQualificationAndOwnerClub" name="test_13_tampered_proof_fails" time="0.102" /><testcase classname="tests.test_tree_engine_api.TestBinaryQualificationAndOwnerClub" name="test_14_user_proof_matches_snapshot_root" time="0.164" /><testcase classname="tests.test_tree_engine_api.TestBinaryQualificationAndOwnerClub" name="test_15_level_income_capped_at_15_levels" time="0.001" /><testcase classname="tests.test_tree_engine_api.TestBinaryQualificationAndOwnerClub" name="test_16_ref_by_uid_stored" time="0.135" /><testcase classname="tests.test_tree_engine_api.TestBinaryQualificationAndOwnerClub" name="test_17_ref_by_address_stored" time="0.158" /><testcase classname="tests.test_tree_engine_api.TestBinaryQualificationAndOwnerClub" name="test_18_unknown_ref_leaves_sponsor_null" time="0.165" /><testcase classname="tests.test_tree_engine_api.TestBinaryQualificationAndOwnerClub" name="test_19_bad_signature_rejected" time="0.126" /><testcase classname="tests.test_tree_engine_api.TestBinaryQualificationAndOwnerClub" name="test_20_new_referral_appears_in_tree" time="0.456" /><testcase classname="tests.test_tree_engine_api.TestBinaryQualificationAndOwnerClub" name="test_21_owner_club_permanent_after_losing_qualification" time="0.292" /><testcase classname="tests.test_tree_engine_api.TestBinaryQualificationAndOwnerClub" name="test_22_monthly_pool_equal_split_among_achievers" time="0.006" /></testsuite></testsuites>