<?xml version="1.0" encoding="utf-8"?><testsuites name="pytest tests"><testsuite name="pytest" errors="0" failures="2" skipped="0" tests="18" time="2.524" timestamp="2026-08-23T09:00:05.311473+00:00" hostname="agent-env-8ab481b6-11e1-4bf9-87fc-f43159e6114d"><testcase classname="tests.test_merkle_api.TestMerkleBuild" name="test_multi_leaf_root_and_proofs" time="0.574" /><testcase classname="tests.test_merkle_api.TestRewardEngineFixes" name="test_gold_rank_reachable" time="0.283" /><testcase classname="tests.test_merkle_api.TestRewardEngineFixes" name="test_diamond_all_levels" time="0.085" /><testcase classname="tests.test_merkle_api.TestRewardEngineFixes" name="test_negative_rejected[downline_stake_usd]" time="0.058" /><testcase classname="tests.test_merkle_api.TestRewardEngineFixes" name="test_negative_rejected[direct_business_usd]" time="0.058" /><testcase classname="tests.test_merkle_api.TestRewardEngineFixes" name="test_negative_directs_and_zero_stake" time="0.164" /><testcase classname="tests.test_merkle_api.TestMerkleBuild" name="test_determinism" time="0.574" /><testcase classname="tests.test_merkle_api.TestRewardEngineFixes" name="test_rank_ladder_boundaries" time="0.569" /><testcase classname="tests.test_merkle_api.TestMerkleBuild" name="test_order_independence" time="0.159" /><testcase classname="tests.test_merkle_api.TestRewardMisc" name="test_config" time="0.068" /><testcase classname="tests.test_merkle_api.TestRewardMisc" name="test_monthly_qualify" time="0.170" /><testcase classname="tests.test_merkle_api.TestMerkleBuild" name="test_single_leaf_empty_proof" time="0.334" /><testcase classname="tests.test_merkle_api.TestRewardMisc" name="test_health" time="0.063" /><testcase classname="tests.test_merkle_api.TestMerkleLatest" name="test_latest_reflects_new_build" time="0.643"><failure message="AssertionError: {'root': '0x7b6253ff69f9d29e0079393b4be711e381eaf9b421b6ddad1776debcf6c8746c', 'leaf_count': 1, 'created_at': '2026-08-23T09:00:07.469798+00:00'}&#10;assert '0x7b6253ff69...6debcf6c8746c' == '0x49f9c7805b...692f0284eebc2'&#10;  &#10;  - 0x49f9c7805b584192334b00d6760bfe9e169d9287acebd2278bb692f0284eebc2&#10;  + 0x7b6253ff69f9d29e0079393b4be711e381eaf9b421b6ddad1776debcf6c8746c">tests/test_merkle_api.py:140: in test_latest_reflects_new_build
    assert d["root"] == root, d
E   AssertionError: {'root': '0x7b6253ff69f9d29e0079393b4be711e381eaf9b421b6ddad1776debcf6c8746c', 'leaf_count': 1, 'created_at': '2026-08-23T09:00:07.469798+00:00'}
E   assert '0x7b6253ff69...6debcf6c8746c' == '0x49f9c7805b...692f0284eebc2'
E     
E     - 0x49f9c7805b584192334b00d6760bfe9e169d9287acebd2278bb692f0284eebc2
E     + 0x7b6253ff69f9d29e0079393b4be711e381eaf9b421b6ddad1776debcf6c8746c</failure></testcase><testcase classname="tests.test_merkle_api.TestMerkleBuild" name="test_negative_cumulative_usd_rejected" time="0.066" /><testcase classname="tests.test_merkle_api.TestMerkleBuild" name="test_empty_leaves" time="0.054" /><testcase classname="tests.test_merkle_api.TestMerkleBuild" name="test_invalid_address_not_500" time="0.053"><failure message="AssertionError: expected 4xx got 500: Internal Server Error&#10;assert 500 in (400, 422)&#10; +  where 500 = &lt;Response [500]&gt;.status_code">tests/test_merkle_api.py:118: in test_invalid_address_not_500
    assert r.status_code in (400, 422), f"expected 4xx got {r.status_code}: {r.text[:300]}"
E   AssertionError: expected 4xx got 500: Internal Server Error
E   assert 500 in (400, 422)
E    +  where 500 = &lt;Response [500]&gt;.status_code</failure></testcase><testcase classname="tests.test_merkle_api.TestMerkleBuild" name="test_default_cap_reduce_true" time="0.054" /></testsuite></testsuites>