<?xml version="1.0" encoding="utf-8"?><testsuites name="pytest tests"><testsuite name="pytest" errors="0" failures="0" skipped="0" tests="20" time="4.108" timestamp="2026-08-23T17:21:12.874135+00:00" hostname="agent-env-8ab481b6-11e1-4bf9-87fc-f43159e6114d"><testcase classname="tests.test_pool_qualification_api.TestPoolQualificationE2E" name="test_01_health" time="0.613" /><testcase classname="tests.test_pool_qualification_api.TestPoolQualificationE2E" name="test_02_seed_demo" time="0.096" /><testcase classname="tests.test_pool_qualification_api.TestPoolQualificationE2E" name="test_03_tree_build" time="0.144" /><testcase classname="tests.test_pool_qualification_api.TestPoolQualificationE2E" name="test_04_merkle_latest_matches_build" time="0.085" /><testcase classname="tests.test_pool_qualification_api.TestPoolQualificationE2E" name="test_05_demo_root_monthly_and_owner_club" time="0.115" /><testcase classname="tests.test_pool_qualification_api.TestPoolQualificationE2E" name="test_06_root_matches_merkle_latest" time="0.225" /><testcase classname="tests.test_pool_qualification_api.TestPoolQualificationE2E" name="test_07_daily_only_with_one_qualifying_direct" time="0.118" /><testcase classname="tests.test_pool_qualification_api.TestPoolQualificationE2E" name="test_08_daily_and_weekly_with_five_qualifying_directs" time="0.106" /><testcase classname="tests.test_pool_qualification_api.TestPoolQualificationE2E" name="test_09_direct_below_50_gets_neither" time="0.109" /><testcase classname="tests.test_pool_qualification_api.TestPoolQualificationE2E" name="test_10_low_own_cap_gets_neither" time="0.107" /><testcase classname="tests.test_pool_qualification_api.TestPoolQualificationE2E" name="test_11_non_monthly_qualified_users_get_no_monthly_share" time="0.499" /><testcase classname="tests.test_pool_qualification_api.TestPoolQualificationE2E" name="test_12_pool_shares_split_equally_among_eligible" time="0.002" /><testcase classname="tests.test_pool_qualification_api.TestPoolQualificationE2E" name="test_13_stream_math_and_leaf_split" time="0.111" /><testcase classname="tests.test_pool_qualification_api.TestPoolQualificationE2E" name="test_14_level_bps_totals_25pct" time="0.000" /><testcase classname="tests.test_pool_qualification_api.TestPoolQualificationE2E" name="test_15_level_income_rank_gated" time="0.136" /><testcase classname="tests.test_pool_qualification_api.TestPoolQualificationE2E" name="test_16_diamond_upline_earns_deep_levels" time="0.109" /><testcase classname="tests.test_pool_qualification_api.TestPoolQualificationE2E" name="test_17_self_roi_capped_by_mining_cap" time="0.110" /><testcase classname="tests.test_pool_qualification_api.TestPoolQualificationE2E" name="test_18_rebuild_is_stable_and_owner_tier_persists" time="0.210" /><testcase classname="tests.test_pool_qualification_api.TestPoolQualificationE2E" name="test_19_user_with_no_directs_gets_no_pool" time="0.123" /><testcase classname="tests.test_pool_qualification_api.TestPoolQualificationE2E" name="test_20_unknown_address_returns_404" time="0.287" /></testsuite></testsuites>