<?xml version="1.0" encoding="utf-8"?><testsuites name="pytest tests"><testsuite name="pytest" errors="0" failures="0" skipped="0" tests="42" time="4.660" timestamp="2026-08-18T19:32:17.906050+00:00" hostname="agent-env-8ab481b6-11e1-4bf9-87fc-f43159e6114d"><testcase classname="tests.backend_test.TestActivation" name="test_below_minimum_rejected" time="0.509" /><testcase classname="tests.backend_test.TestSiweAuth" name="test_nonce" time="0.374" /><testcase classname="tests.backend_test.TestSiweAuth" name="test_verify_creates_user_with_uid" time="0.310" /><testcase classname="tests.backend_test.TestActivation" name="test_unknown_address_404" time="0.071" /><testcase classname="tests.backend_test.TestActivation" name="test_activate_success_updates_user_and_stats" time="0.454" /><testcase classname="tests.backend_test.TestSiweAuth" name="test_repeat_login_keeps_same_uid" time="0.329" /><testcase classname="tests.backend_test.TestSiweAuth" name="test_nonce_one_time_use" time="0.236" /><testcase classname="tests.backend_test.TestActivation" name="test_exact_minimum_accepted" time="0.259" /><testcase classname="tests.backend_test.TestSiweAuth" name="test_signature_address_mismatch" time="0.152" /><testcase classname="tests.backend_test.TestActivation" name="test_no_upper_cap" time="0.233" /><testcase classname="tests.backend_test.TestSiweAuth" name="test_wrong_chain_id_rejected" time="0.148" /><testcase classname="tests.backend_test.TestActivation" name="test_repeat_activation_is_idempotent" time="0.303" /><testcase classname="tests.backend_test.TestSiweAuth" name="test_missing_nonce_rejected" time="0.071" /><testcase classname="tests.backend_test.TestSiweAuth" name="test_tampered_nonce_rejected" time="0.145" /><testcase classname="tests.backend_test.TestSiweAuth" name="test_garbage_signature_rejected" time="0.177" /><testcase classname="tests.backend_test.TestActivation" name="test_activate_checksummed_address" time="0.231" /><testcase classname="tests.backend_test.TestSiweAuth" name="test_verify_missing_fields_422" time="0.066" /><testcase classname="tests.backend_test.TestSiweAuth" name="test_nonce_requires_address" time="0.066" /><testcase classname="tests.backend_test.TestActivation" name="test_activate_missing_fields_422" time="0.075" /><testcase classname="tests.backend_test.TestSiweAuth" name="test_case_insensitive_user_lookup" time="0.229" /><testcase classname="tests.backend_test.TestActivation" name="test_activate_non_numeric_amount_422" time="0.267" /><testcase classname="tests.backend_test.TestSiweAuth" name="test_unknown_user_404" time="0.069" /><testcase classname="tests.backend_test.TestHolders" name="test_default_page" time="0.070" /><testcase classname="tests.backend_test.TestActivation" name="test_negative_amount_rejected" time="0.308" /><testcase classname="tests.backend_test.TestHolders" name="test_pagination_next_page_ranks" time="0.068" /><testcase classname="tests.backend_test.TestHolders" name="test_page_clamping" time="0.200" /><testcase classname="tests.backend_test.TestMe" name="test_me_unknown_404" time="0.072" /><testcase classname="tests.backend_test.TestHolders" name="test_page_size_custom" time="0.068" /><testcase classname="tests.backend_test.TestHolders" name="test_search_filters" time="0.147" /><testcase classname="tests.backend_test.TestMe" name="test_me_inactive_shape" time="0.255" /><testcase classname="tests.backend_test.TestHolders" name="test_search_no_match" time="0.080" /><testcase classname="tests.backend_test.TestHolders" name="test_holders_stable_across_calls" time="0.143" /><testcase classname="tests.backend_test.TestMe" name="test_me_active_prepends_activation" time="0.329" /><testcase classname="tests.backend_test.TestDashboardStats" name="test_stats_shape_and_values" time="0.076" /><testcase classname="tests.backend_test.TestDashboardStats" name="test_stats_includes_min_activation_and_resets" time="0.074" /><testcase classname="tests.backend_test.TestDashboardStats" name="test_total_users_increments_on_new_wallet" time="0.285" /><testcase classname="tests.backend_test.TestMe" name="test_me_checksummed_address" time="0.244" /><testcase classname="tests.backend_test.TestHealthConfig" name="test_health" time="0.084" /><testcase classname="tests.backend_test.TestMe" name="test_me_hash_deterministic" time="0.306" /><testcase classname="tests.backend_test.TestHealthConfig" name="test_config" time="0.079" /><testcase classname="tests.backend_test.TestStatsPriceAndPoolMeta" name="test_price_fields" time="0.080" /><testcase classname="tests.backend_test.TestStatsPriceAndPoolMeta" name="test_pool_meta_shape_and_math" time="0.069" /></testsuite></testsuites>