<?xml version="1.0" encoding="utf-8"?><testsuites name="pytest tests"><testsuite name="pytest" errors="0" failures="0" skipped="2" tests="142" time="18.598" timestamp="2026-08-23T17:24:39.966889+00:00" hostname="agent-env-8ab481b6-11e1-4bf9-87fc-f43159e6114d"><testcase classname="tests.backend_test.TestHealthConfig" name="test_health" time="0.269" /><testcase classname="tests.backend_test.TestHealthConfig" name="test_config" time="0.059" /><testcase classname="tests.backend_test.TestDashboardStats" name="test_stats_shape_and_values" time="0.060" /><testcase classname="tests.backend_test.TestDashboardStats" name="test_stats_includes_min_activation_and_resets" time="0.061" /><testcase classname="tests.backend_test.TestDashboardStats" name="test_total_users_increments_on_new_wallet" time="0.245" /><testcase classname="tests.backend_test.TestSiweAuth" name="test_nonce" time="0.051" /><testcase classname="tests.backend_test.TestSiweAuth" name="test_verify_creates_user_with_uid" time="0.270" /><testcase classname="tests.backend_test.TestSiweAuth" name="test_repeat_login_keeps_same_uid" time="0.298" /><testcase classname="tests.backend_test.TestSiweAuth" name="test_nonce_one_time_use" time="0.167" /><testcase classname="tests.backend_test.TestSiweAuth" name="test_signature_address_mismatch" time="0.225" /><testcase classname="tests.backend_test.TestSiweAuth" name="test_wrong_chain_id_rejected" time="0.129" /><testcase classname="tests.backend_test.TestSiweAuth" name="test_missing_nonce_rejected" time="0.052" /><testcase classname="tests.backend_test.TestSiweAuth" name="test_tampered_nonce_rejected" time="0.103" /><testcase classname="tests.backend_test.TestSiweAuth" name="test_garbage_signature_rejected" time="0.103" /><testcase classname="tests.backend_test.TestSiweAuth" name="test_verify_missing_fields_422" time="0.050" /><testcase classname="tests.backend_test.TestSiweAuth" name="test_nonce_requires_address" time="0.050" /><testcase classname="tests.backend_test.TestSiweAuth" name="test_case_insensitive_user_lookup" time="0.170" /><testcase classname="tests.backend_test.TestSiweAuth" name="test_unknown_user_404" time="0.053" /><testcase classname="tests.backend_test.TestActivation" name="test_below_minimum_rejected" time="0.216" /><testcase classname="tests.backend_test.TestActivation" name="test_unknown_address_404" time="0.055" /><testcase classname="tests.backend_test.TestActivation" name="test_activate_success_updates_user_and_stats" time="0.398" /><testcase classname="tests.backend_test.TestActivation" name="test_exact_minimum_accepted" time="0.170" /><testcase classname="tests.backend_test.TestActivation" name="test_no_upper_cap" time="0.174" /><testcase classname="tests.backend_test.TestActivation" name="test_repeat_activation_is_idempotent" time="0.219" /><testcase classname="tests.backend_test.TestActivation" name="test_activate_checksummed_address" time="0.185" /><testcase classname="tests.backend_test.TestActivation" name="test_activate_missing_fields_422" time="0.052" /><testcase classname="tests.backend_test.TestActivation" name="test_activate_non_numeric_amount_422" time="0.173" /><testcase classname="tests.backend_test.TestActivation" name="test_negative_amount_rejected" time="0.217" /><testcase classname="tests.backend_test.TestStatsPriceAndPoolMeta" name="test_price_fields" time="0.055" /><testcase classname="tests.backend_test.TestStatsPriceAndPoolMeta" name="test_pool_meta_shape_and_math" time="0.054" /><testcase classname="tests.backend_test.TestMe" name="test_me_unknown_404" time="0.053" /><testcase classname="tests.backend_test.TestMe" name="test_me_inactive_shape" time="0.163" /><testcase classname="tests.backend_test.TestMe" name="test_me_active_prepends_activation" time="0.215" /><testcase classname="tests.backend_test.TestMe" name="test_me_checksummed_address" time="0.174" /><testcase classname="tests.backend_test.TestMe" name="test_me_hash_deterministic" time="0.256" /><testcase classname="tests.backend_test.TestHolders" name="test_default_page" time="0.056" /><testcase classname="tests.backend_test.TestHolders" name="test_pagination_next_page_ranks" time="0.054" /><testcase classname="tests.backend_test.TestHolders" name="test_page_clamping" time="0.166" /><testcase classname="tests.backend_test.TestHolders" name="test_page_size_custom" time="0.052" /><testcase classname="tests.backend_test.TestHolders" name="test_search_filters" time="0.134" /><testcase classname="tests.backend_test.TestHolders" name="test_search_no_match" time="0.051" /><testcase classname="tests.backend_test.TestHolders" name="test_holders_stable_across_calls" time="0.103" /><testcase classname="tests.test_admin_api.TestAdminPanelApi" name="test_overview_shape_and_values" time="0.344" /><testcase classname="tests.test_admin_api.TestAdminPanelApi" name="test_overview_no_mongo_id_leak" time="0.075" /><testcase classname="tests.test_admin_api.TestAdminPanelApi" name="test_users_list_rows_shape" time="0.072" /><testcase classname="tests.test_admin_api.TestAdminPanelApi" name="test_search_demo_root" time="0.071" /><testcase classname="tests.test_admin_api.TestAdminPanelApi" name="test_demo_root_owner_club_cap_after_single_build" time="0.076" /><testcase classname="tests.test_admin_api.TestAdminPanelApi" name="test_search_by_uid_prefix" time="0.074" /><testcase classname="tests.test_admin_api.TestAdminPanelApi" name="test_search_by_address" time="0.066" /><testcase classname="tests.test_admin_api.TestAdminPanelApi" name="test_search_no_match" time="0.070" /><testcase classname="tests.test_admin_api.TestAdminPanelApi" name="test_pagination" time="0.148" /><testcase classname="tests.test_admin_api.TestAdminPanelApi" name="test_limit_capped_at_100" time="0.086" /><testcase classname="tests.test_admin_api.TestAdminPanelApi" name="test_page_zero_normalised" time="0.078" /><testcase classname="tests.test_admin_api.TestAdminPanelApi" name="test_detail_root_user" time="0.078" /><testcase classname="tests.test_admin_api.TestAdminPanelApi" name="test_detail_child_has_sponsor_and_binary_parent" time="0.080" /><testcase classname="tests.test_admin_api.TestAdminPanelApi" name="test_detail_case_insensitive_checksum_address" time="0.073" /><testcase classname="tests.test_admin_api.TestAdminPanelApi" name="test_detail_unknown_address_404" time="0.109" /><testcase classname="tests.test_merkle_api.TestMerkleBuild" name="test_multi_leaf_root_and_proofs" time="0.153" /><testcase classname="tests.test_merkle_api.TestMerkleBuild" name="test_determinism" time="0.239" /><testcase classname="tests.test_merkle_api.TestMerkleBuild" name="test_order_independence" time="0.160" /><testcase classname="tests.test_merkle_api.TestMerkleBuild" name="test_single_leaf_empty_proof" time="0.086" /><testcase classname="tests.test_merkle_api.TestMerkleBuild" name="test_negative_cumulative_usd_rejected" time="0.083" /><testcase classname="tests.test_merkle_api.TestMerkleBuild" name="test_empty_leaves" time="0.084" /><testcase classname="tests.test_merkle_api.TestMerkleBuild" name="test_invalid_address_not_500" time="0.094" /><testcase classname="tests.test_merkle_api.TestMerkleBuild" name="test_default_cap_reduce_true" time="0.082" /><testcase classname="tests.test_merkle_api.TestMerkleLatest" name="test_latest_reflects_new_build" time="0.665" /><testcase classname="tests.test_merkle_api.TestRewardEngineFixes" name="test_gold_rank_reachable" time="0.120" /><testcase classname="tests.test_merkle_api.TestRewardEngineFixes" name="test_diamond_all_levels" time="0.080" /><testcase classname="tests.test_merkle_api.TestRewardEngineFixes" name="test_negative_rejected[downline_stake_usd]" time="0.089" /><testcase classname="tests.test_merkle_api.TestRewardEngineFixes" name="test_negative_rejected[direct_business_usd]" time="0.083" /><testcase classname="tests.test_merkle_api.TestRewardEngineFixes" name="test_negative_directs_and_zero_stake" time="0.166" /><testcase classname="tests.test_merkle_api.TestRewardEngineFixes" name="test_rank_ladder_boundaries" time="0.756" /><testcase classname="tests.test_merkle_api.TestRewardMisc" name="test_config" time="0.089" /><testcase classname="tests.test_merkle_api.TestRewardMisc" name="test_monthly_qualify" time="0.168" /><testcase classname="tests.test_merkle_api.TestRewardMisc" name="test_health" time="0.085" /><testcase classname="tests.test_merkle_api.TestMerkleEdge" name="test_duplicate_address_leaves" time="0.079" /><testcase classname="tests.test_merkle_api.TestMerkleEdge" name="test_large_amount" time="0.087" /><testcase classname="tests.test_merkle_api.TestMerkleEdge" name="test_many_leaves" time="0.167" /><testcase classname="tests.test_monthly_rule_edges.TestMonthlyRuleEdges" name="test_monthly_requires_diamond_rank" time="0.002"><skipped type="pytest.xfail" message="engine does not require Diamond rank for monthly qualification" /></testcase><testcase classname="tests.test_monthly_rule_edges.TestMonthlyRuleEdges" name="test_leg_ids_should_count_only_qualified_ids" time="0.001"><skipped type="pytest.xfail" message="leg IDs count any ACTIVE user, not only &gt;=$50 qualified IDs" /></testcase><testcase classname="tests.test_pool_qualification_api.TestPoolQualificationE2E" name="test_01_health" time="0.139" /><testcase classname="tests.test_pool_qualification_api.TestPoolQualificationE2E" name="test_02_seed_demo" time="0.068" /><testcase classname="tests.test_pool_qualification_api.TestPoolQualificationE2E" name="test_03_tree_build" time="0.078" /><testcase classname="tests.test_pool_qualification_api.TestPoolQualificationE2E" name="test_04_merkle_latest_matches_build" time="0.054" /><testcase classname="tests.test_pool_qualification_api.TestPoolQualificationE2E" name="test_05_demo_root_monthly_and_owner_club" time="0.052" /><testcase classname="tests.test_pool_qualification_api.TestPoolQualificationE2E" name="test_06_root_matches_merkle_latest" time="0.103" /><testcase classname="tests.test_pool_qualification_api.TestPoolQualificationE2E" name="test_07_daily_only_with_one_qualifying_direct" time="0.053" /><testcase classname="tests.test_pool_qualification_api.TestPoolQualificationE2E" name="test_08_daily_and_weekly_with_five_qualifying_directs" time="0.053" /><testcase classname="tests.test_pool_qualification_api.TestPoolQualificationE2E" name="test_09_direct_below_50_gets_neither" time="0.052" /><testcase classname="tests.test_pool_qualification_api.TestPoolQualificationE2E" name="test_10_low_own_cap_gets_neither" time="0.064" /><testcase classname="tests.test_pool_qualification_api.TestPoolQualificationE2E" name="test_11_non_monthly_qualified_users_get_no_monthly_share" time="0.204" /><testcase classname="tests.test_pool_qualification_api.TestPoolQualificationE2E" name="test_12_pool_shares_split_equally_among_eligible" time="0.003" /><testcase classname="tests.test_pool_qualification_api.TestPoolQualificationE2E" name="test_13_stream_math_and_leaf_split" time="0.050" /><testcase classname="tests.test_pool_qualification_api.TestPoolQualificationE2E" name="test_14_level_bps_totals_25pct" time="0.000" /><testcase classname="tests.test_pool_qualification_api.TestPoolQualificationE2E" name="test_15_level_income_rank_gated" time="0.059" /><testcase classname="tests.test_pool_qualification_api.TestPoolQualificationE2E" name="test_16_diamond_upline_earns_deep_levels" time="0.053" /><testcase classname="tests.test_pool_qualification_api.TestPoolQualificationE2E" name="test_17_self_roi_capped_by_mining_cap" time="0.051" /><testcase classname="tests.test_pool_qualification_api.TestPoolQualificationE2E" name="test_18_rebuild_is_stable_and_owner_tier_persists" time="0.156" /><testcase classname="tests.test_pool_qualification_api.TestPoolQualificationE2E" name="test_19_user_with_no_directs_gets_no_pool" time="0.091" /><testcase classname="tests.test_pool_qualification_api.TestPoolQualificationE2E" name="test_20_unknown_address_returns_404" time="0.269" /><testcase classname="tests.test_reward_engine.TestRewardConfig" name="test_config_values" time="0.167" /><testcase classname="tests.test_reward_engine.TestRewardConfig" name="test_config_ranks" time="0.060" /><testcase classname="tests.test_reward_engine.TestRewardConfig" name="test_no_mongo_id" time="0.085" /><testcase classname="tests.test_reward_engine.TestSimulate" name="test_silver_case" time="0.056" /><testcase classname="tests.test_reward_engine.TestSimulate" name="test_level_amounts" time="0.103" /><testcase classname="tests.test_reward_engine.TestSimulate" name="test_owner_diamond" time="0.058" /><testcase classname="tests.test_reward_engine.TestSimulate" name="test_rank_ladder" time="0.635" /><testcase classname="tests.test_reward_engine.TestSimulate" name="test_gold_rank_reachable" time="0.072" /><testcase classname="tests.test_reward_engine.TestSimulate" name="test_pools" time="0.076" /><testcase classname="tests.test_reward_engine.TestSimulate" name="test_owner_cap_scaling" time="0.058" /><testcase classname="tests.test_reward_engine.TestSimulate" name="test_zero_downline" time="0.058" /><testcase classname="tests.test_reward_engine.TestSimulate" name="test_validation_errors" time="0.216" /><testcase classname="tests.test_reward_engine.TestSimulate" name="test_negative_downline_rejected" time="0.056" /><testcase classname="tests.test_reward_engine.TestSimulate" name="test_negative_directs_rejected" time="0.102" /><testcase classname="tests.test_reward_engine.TestMonthlyQualify" name="test_qualified" time="0.071" /><testcase classname="tests.test_reward_engine.TestMonthlyQualify" name="test_low_left_ids" time="0.068" /><testcase classname="tests.test_reward_engine.TestMonthlyQualify" name="test_boundaries" time="0.303" /><testcase classname="tests.test_reward_engine.TestMonthlyQualify" name="test_non_diamond_never_qualifies" time="0.064" /><testcase classname="tests.test_reward_engine.TestMonthlyQualify" name="test_defaults" time="0.074" /><testcase classname="tests.test_tree_engine_api.TestBinaryQualificationAndOwnerClub" name="test_00_health" time="0.179" /><testcase classname="tests.test_tree_engine_api.TestBinaryQualificationAndOwnerClub" name="test_01_seed_demo_binary_network" time="0.091" /><testcase classname="tests.test_tree_engine_api.TestBinaryQualificationAndOwnerClub" name="test_02_seed_demo_idempotent" time="0.083" /><testcase classname="tests.test_tree_engine_api.TestBinaryQualificationAndOwnerClub" name="test_03_first_build_standard_cap_and_flags_owner" time="0.210" /><testcase classname="tests.test_tree_engine_api.TestBinaryQualificationAndOwnerClub" name="test_04_second_build_owner_club_300pct" time="0.225" /><testcase classname="tests.test_tree_engine_api.TestBinaryQualificationAndOwnerClub" name="test_05_build_is_deterministic" time="0.202" /><testcase classname="tests.test_tree_engine_api.TestBinaryQualificationAndOwnerClub" name="test_06_latest_root_matches_build" time="0.172" /><testcase classname="tests.test_tree_engine_api.TestBinaryQualificationAndOwnerClub" name="test_07_root_qualification_breakdown" time="0.073" /><testcase classname="tests.test_tree_engine_api.TestBinaryQualificationAndOwnerClub" name="test_08_leaf_not_qualified_no_monthly_share" time="0.105" /><testcase classname="tests.test_tree_engine_api.TestBinaryQualificationAndOwnerClub" name="test_09_interior_leg_node_binary_stats" time="0.076" /><testcase classname="tests.test_tree_engine_api.TestBinaryQualificationAndOwnerClub" name="test_10_unknown_address_404" time="0.071" /><testcase classname="tests.test_tree_engine_api.TestBinaryQualificationAndOwnerClub" name="test_11_case_insensitive_lookup" time="0.072" /><testcase classname="tests.test_tree_engine_api.TestBinaryQualificationAndOwnerClub" name="test_12_all_proofs_verify_against_root" time="0.097" /><testcase classname="tests.test_tree_engine_api.TestBinaryQualificationAndOwnerClub" name="test_13_tampered_proof_fails" time="0.091" /><testcase classname="tests.test_tree_engine_api.TestBinaryQualificationAndOwnerClub" name="test_14_user_proof_matches_snapshot_root" time="0.162" /><testcase classname="tests.test_tree_engine_api.TestBinaryQualificationAndOwnerClub" name="test_15_level_income_capped_at_15_levels" time="0.001" /><testcase classname="tests.test_tree_engine_api.TestBinaryQualificationAndOwnerClub" name="test_16_ref_by_uid_stored" time="0.165" /><testcase classname="tests.test_tree_engine_api.TestBinaryQualificationAndOwnerClub" name="test_17_ref_by_address_stored" time="0.149" /><testcase classname="tests.test_tree_engine_api.TestBinaryQualificationAndOwnerClub" name="test_18_unknown_ref_leaves_sponsor_null" time="0.143" /><testcase classname="tests.test_tree_engine_api.TestBinaryQualificationAndOwnerClub" name="test_19_bad_signature_rejected" time="0.136" /><testcase classname="tests.test_tree_engine_api.TestBinaryQualificationAndOwnerClub" name="test_20_new_referral_appears_in_tree" time="0.457" /><testcase classname="tests.test_tree_engine_api.TestBinaryQualificationAndOwnerClub" name="test_21_owner_club_permanent_after_losing_qualification" time="0.316" /><testcase classname="tests.test_tree_engine_api.TestBinaryQualificationAndOwnerClub" name="test_22_monthly_pool_equal_split_among_achievers" time="0.006" /></testsuite></testsuites>