<?xml version="1.0" encoding="utf-8"?><testsuites name="pytest tests"><testsuite name="pytest" errors="0" failures="3" skipped="0" tests="19" time="1.460" timestamp="2026-08-23T08:44:53.710443+00:00" hostname="agent-env-8ab481b6-11e1-4bf9-87fc-f43159e6114d"><testcase classname="tests.test_reward_engine.TestSimulate" name="test_silver_case" time="0.248" /><testcase classname="tests.test_reward_engine.TestMonthlyQualify" name="test_qualified" time="0.222" /><testcase classname="tests.test_reward_engine.TestMonthlyQualify" name="test_low_left_ids" time="0.043" /><testcase classname="tests.test_reward_engine.TestSimulate" name="test_level_amounts" time="0.039" /><testcase classname="tests.test_reward_engine.TestMonthlyQualify" name="test_boundaries" time="0.317" /><testcase classname="tests.test_reward_engine.TestSimulate" name="test_owner_diamond" time="0.039" /><testcase classname="tests.test_reward_engine.TestSimulate" name="test_rank_ladder" time="0.279" /><testcase classname="tests.test_reward_engine.TestMonthlyQualify" name="test_non_diamond_never_qualifies" time="0.080" /><testcase classname="tests.test_reward_engine.TestSimulate" name="test_gold_rank_reachable" time="0.040"><failure message="AssertionError: Gold and Diamond share identical thresholds (10 directs/$2000), so Gold is unreachable — got Diamond&#10;assert 'Diamond' == 'Gold'&#10;  &#10;  - Gold&#10;  + Diamond">tests/test_reward_engine.py:123: in test_gold_rank_reachable
    assert d["rank"] == "Gold", (
E   AssertionError: Gold and Diamond share identical thresholds (10 directs/$2000), so Gold is unreachable — got Diamond
E   assert 'Diamond' == 'Gold'
E     
E     - Gold
E     + Diamond</failure></testcase><testcase classname="tests.test_reward_engine.TestMonthlyQualify" name="test_defaults" time="0.039" /><testcase classname="tests.test_reward_engine.TestSimulate" name="test_pools" time="0.041" /><testcase classname="tests.test_reward_engine.TestRewardConfig" name="test_config_values" time="0.040" /><testcase classname="tests.test_reward_engine.TestSimulate" name="test_owner_cap_scaling" time="0.038" /><testcase classname="tests.test_reward_engine.TestRewardConfig" name="test_config_ranks" time="0.039" /><testcase classname="tests.test_reward_engine.TestSimulate" name="test_zero_downline" time="0.038" /><testcase classname="tests.test_reward_engine.TestRewardConfig" name="test_no_mongo_id" time="0.080" /><testcase classname="tests.test_reward_engine.TestSimulate" name="test_validation_errors" time="0.156" /><testcase classname="tests.test_reward_engine.TestSimulate" name="test_negative_downline_rejected" time="0.045"><failure message="AssertionError: negative downline_stake_usd accepted: {&quot;stake_usd&quot;:100.0,&quot;owner_tier&quot;:false,&quot;rank&quot;:&quot;Active&quot;,&quot;mining_cap_usd&quot;:200.0,&quot;self_daily_roi_usd&quot;:1.0,&quot;roi_days_to_full&quot;:200,&quot;level_income&quot;:[{&quot;level&quot;:1,&quot;pct&quot;:7.0,&quot;amount_usd&quot;:-7.0,&quot;unlocked&quot;:true,&quot;payable_usd&quot;:-7.0,&quot;lapsed_usd&quot;:0.0},{&quot;level&quot;:2,&quot;pct&quot;:3.0,&quot;amount_usd&quot;:-3.0,&quot;unlocked&quot;:false,&quot;payable_us&#10;assert 200 == 422&#10; +  where 200 = &lt;Response [200]&gt;.status_code">tests/test_reward_engine.py:154: in test_negative_downline_rejected
    assert r.status_code == 422, f"negative downline_stake_usd accepted: {r.text[:300]}"
E   AssertionError: negative downline_stake_usd accepted: {"stake_usd":100.0,"owner_tier":false,"rank":"Active","mining_cap_usd":200.0,"self_daily_roi_usd":1.0,"roi_days_to_full":200,"level_income":[{"level":1,"pct":7.0,"amount_usd":-7.0,"unlocked":true,"payable_usd":-7.0,"lapsed_usd":0.0},{"level":2,"pct":3.0,"amount_usd":-3.0,"unlocked":false,"payable_us
E   assert 200 == 422
E    +  where 200 = &lt;Response [200]&gt;.status_code</failure></testcase><testcase classname="tests.test_reward_engine.TestSimulate" name="test_negative_directs_rejected" time="0.039"><failure message="AssertionError: negative team inputs accepted: {&quot;stake_usd&quot;:100.0,&quot;owner_tier&quot;:false,&quot;rank&quot;:&quot;Active&quot;,&quot;mining_cap_usd&quot;:200.0,&quot;self_daily_roi_usd&quot;:1.0,&quot;roi_days_to_full&quot;:200,&quot;level_income&quot;:[{&quot;level&quot;:1,&quot;pct&quot;:7.0,&quot;amount_usd&quot;:0.0,&quot;unlocked&quot;:true,&quot;payable_usd&quot;:0.0,&quot;lapsed_usd&quot;:0.0},{&quot;level&quot;:2,&quot;pct&quot;:3.0,&quot;amount_usd&quot;:0.0,&quot;unlocked&quot;:false,&quot;payable_usd&quot;:&#10;assert 200 == 422&#10; +  where 200 = &lt;Response [200]&gt;.status_code">tests/test_reward_engine.py:159: in test_negative_directs_rejected
    assert r.status_code == 422, f"negative team inputs accepted: {r.text[:300]}"
E   AssertionError: negative team inputs accepted: {"stake_usd":100.0,"owner_tier":false,"rank":"Active","mining_cap_usd":200.0,"self_daily_roi_usd":1.0,"roi_days_to_full":200,"level_income":[{"level":1,"pct":7.0,"amount_usd":0.0,"unlocked":true,"payable_usd":0.0,"lapsed_usd":0.0},{"level":2,"pct":3.0,"amount_usd":0.0,"unlocked":false,"payable_usd":
E   assert 200 == 422
E    +  where 200 = &lt;Response [200]&gt;.status_code</failure></testcase></testsuite></testsuites>