<?xml version="1.0" encoding="utf-8"?><testsuites name="pytest tests"><testsuite name="pytest" errors="0" failures="0" skipped="0" tests="23" time="4.213" timestamp="2026-08-23T09:36:38.234535+00:00" hostname="agent-env-8ab481b6-11e1-4bf9-87fc-f43159e6114d"><testcase classname="tests.test_tree_engine_api.TestBinaryQualificationAndOwnerClub" name="test_00_health" time="0.397" /><testcase classname="tests.test_tree_engine_api.TestBinaryQualificationAndOwnerClub" name="test_01_seed_demo_binary_network" time="0.064" /><testcase classname="tests.test_tree_engine_api.TestBinaryQualificationAndOwnerClub" name="test_02_seed_demo_idempotent" time="0.053" /><testcase classname="tests.test_tree_engine_api.TestBinaryQualificationAndOwnerClub" name="test_03_first_build_standard_cap_and_flags_owner" time="0.151" /><testcase classname="tests.test_tree_engine_api.TestBinaryQualificationAndOwnerClub" name="test_04_second_build_owner_club_300pct" time="0.264" /><testcase classname="tests.test_tree_engine_api.TestBinaryQualificationAndOwnerClub" name="test_05_build_is_deterministic" time="0.134" /><testcase classname="tests.test_tree_engine_api.TestBinaryQualificationAndOwnerClub" name="test_06_latest_root_matches_build" time="0.152" /><testcase classname="tests.test_tree_engine_api.TestBinaryQualificationAndOwnerClub" name="test_07_root_qualification_breakdown" time="0.090" /><testcase classname="tests.test_tree_engine_api.TestBinaryQualificationAndOwnerClub" name="test_08_leaf_not_qualified_no_monthly_share" time="0.084" /><testcase classname="tests.test_tree_engine_api.TestBinaryQualificationAndOwnerClub" name="test_09_interior_leg_node_binary_stats" time="0.084" /><testcase classname="tests.test_tree_engine_api.TestBinaryQualificationAndOwnerClub" name="test_10_unknown_address_404" time="0.057" /><testcase classname="tests.test_tree_engine_api.TestBinaryQualificationAndOwnerClub" name="test_11_case_insensitive_lookup" time="0.099" /><testcase classname="tests.test_tree_engine_api.TestBinaryQualificationAndOwnerClub" name="test_12_all_proofs_verify_against_root" time="0.116" /><testcase classname="tests.test_tree_engine_api.TestBinaryQualificationAndOwnerClub" name="test_13_tampered_proof_fails" time="0.068" /><testcase classname="tests.test_tree_engine_api.TestBinaryQualificationAndOwnerClub" name="test_14_user_proof_matches_snapshot_root" time="0.152" /><testcase classname="tests.test_tree_engine_api.TestBinaryQualificationAndOwnerClub" name="test_15_level_income_capped_at_15_levels" time="0.001" /><testcase classname="tests.test_tree_engine_api.TestBinaryQualificationAndOwnerClub" name="test_16_ref_by_uid_stored" time="0.114" /><testcase classname="tests.test_tree_engine_api.TestBinaryQualificationAndOwnerClub" name="test_17_ref_by_address_stored" time="0.126" /><testcase classname="tests.test_tree_engine_api.TestBinaryQualificationAndOwnerClub" name="test_18_unknown_ref_leaves_sponsor_null" time="0.103" /><testcase classname="tests.test_tree_engine_api.TestBinaryQualificationAndOwnerClub" name="test_19_bad_signature_rejected" time="0.142" /><testcase classname="tests.test_tree_engine_api.TestBinaryQualificationAndOwnerClub" name="test_20_new_referral_appears_in_tree" time="0.344" /><testcase classname="tests.test_tree_engine_api.TestBinaryQualificationAndOwnerClub" name="test_21_owner_club_permanent_after_losing_qualification" time="0.345" /><testcase classname="tests.test_tree_engine_api.TestBinaryQualificationAndOwnerClub" name="test_22_monthly_pool_equal_split_among_achievers" time="0.005" /></testsuite></testsuites>