<?xml version="1.0" encoding="utf-8"?><testsuites name="pytest tests"><testsuite name="pytest" errors="0" failures="0" skipped="0" tests="20" time="3.179" timestamp="2026-08-23T09:13:54.394503+00:00" hostname="agent-env-8ab481b6-11e1-4bf9-87fc-f43159e6114d"><testcase classname="tests.test_tree_engine_api.TestReferralTreeEngine" name="test_00_health" time="0.171" /><testcase classname="tests.test_tree_engine_api.TestReferralTreeEngine" name="test_01_seed_demo" time="0.053" /><testcase classname="tests.test_tree_engine_api.TestReferralTreeEngine" name="test_02_seed_demo_idempotent" time="0.051" /><testcase classname="tests.test_tree_engine_api.TestReferralTreeEngine" name="test_03_build_returns_root_and_proofs" time="0.083" /><testcase classname="tests.test_tree_engine_api.TestReferralTreeEngine" name="test_04_build_is_deterministic" time="0.102" /><testcase classname="tests.test_tree_engine_api.TestReferralTreeEngine" name="test_05_latest_root_matches_build" time="0.091" /><testcase classname="tests.test_tree_engine_api.TestReferralTreeEngine" name="test_06_root_breakdown" time="0.050" /><testcase classname="tests.test_tree_engine_api.TestReferralTreeEngine" name="test_07_a_breakdown" time="0.042" /><testcase classname="tests.test_tree_engine_api.TestReferralTreeEngine" name="test_08_inactive_user_gets_no_level_income" time="0.046" /><testcase classname="tests.test_tree_engine_api.TestReferralTreeEngine" name="test_09_unknown_address_404" time="0.044" /><testcase classname="tests.test_tree_engine_api.TestReferralTreeEngine" name="test_10_case_insensitive_lookup" time="0.046" /><testcase classname="tests.test_tree_engine_api.TestReferralTreeEngine" name="test_11_all_proofs_verify_against_root" time="0.055" /><testcase classname="tests.test_tree_engine_api.TestReferralTreeEngine" name="test_12_tampered_proof_fails" time="0.080" /><testcase classname="tests.test_tree_engine_api.TestReferralTreeEngine" name="test_13_user_proof_matches_snapshot_root" time="0.105" /><testcase classname="tests.test_tree_engine_api.TestReferralTreeEngine" name="test_14_ref_by_uid_stored" time="0.106" /><testcase classname="tests.test_tree_engine_api.TestReferralTreeEngine" name="test_15_ref_by_address_stored" time="0.102" /><testcase classname="tests.test_tree_engine_api.TestReferralTreeEngine" name="test_16_self_referral_rejected" time="0.257" /><testcase classname="tests.test_tree_engine_api.TestReferralTreeEngine" name="test_17_unknown_ref_leaves_sponsor_null" time="0.107" /><testcase classname="tests.test_tree_engine_api.TestReferralTreeEngine" name="test_18_bad_signature_rejected" time="0.098" /><testcase classname="tests.test_tree_engine_api.TestReferralTreeEngine" name="test_19_new_referral_appears_in_tree" time="0.286" /></testsuite></testsuites>